<?xml version="1.0" encoding="UTF-8"?>
<!-- Generated by org.testng.reporters.JUnitReportReporter -->
<testsuite hostname="DESKTOP-6P64TEG" failures="0" tests="1" name="Restful_Booker_Sample.CreateToken" time="6.136" errors="0" timestamp="2024-11-29T11:35:11 IST" skipped="0">
  <testcase classname="Restful_Booker_Sample.CreateToken" name="createBookingTest" time="6.136"/>
</testsuite> <!-- Restful_Booker_Sample.CreateToken -->
