<?xml version="1.0" encoding="UTF-8"?>
<!-- Generated by org.testng.reporters.JUnitReportReporter -->
<testsuite hostname="DESKTOP-6P64TEG" failures="0" tests="1" name="practice.MethodChainingTest" time="0.017" errors="0" timestamp="2024-11-13T17:35:33 IST" skipped="0">
  <testcase classname="practice.MethodChainingTest" name="sampleTest" time="0.017"/>
</testsuite> <!-- practice.MethodChainingTest -->
