<?xml version="1.0" encoding="UTF-8"?>
<!-- Generated by org.testng.reporters.JUnitReportReporter -->
<testsuite hostname="DESKTOP-6P64TEG" failures="0" tests="1" name="typesOfParameter.PathParameter" time="1.872" errors="0" timestamp="2024-11-20T10:16:28 IST" skipped="0">
  <testcase classname="typesOfParameter.PathParameter" name="samplePathParameter" time="1.872"/>
</testsuite> <!-- typesOfParameter.PathParameter -->
