<?xml version="1.0" encoding="UTF-8"?>
<!-- Generated by org.testng.reporters.JUnitReportReporter -->
<testsuite hostname="DESKTOP-6P64TEG" failures="0" tests="1" name="AutomationExercise.AutomationExerciseTest" time="3.336" errors="0" timestamp="2024-12-02T17:37:06 IST" skipped="0">
  <testcase classname="AutomationExercise.AutomationExerciseTest" name="getUserAccount" time="3.336"/>
</testsuite> <!-- AutomationExercise.AutomationExerciseTest -->
