<?xml version="1.0" encoding="UTF-8"?>
<!-- Generated by org.testng.reporters.JUnitReportReporter -->
<testsuite hostname="DESKTOP-6P64TEG" failures="0" tests="1" name="EncodingAndDecoding.Base64EncodeAndDecode" time="1.881" errors="0" timestamp="2024-11-21T10:11:35 IST" skipped="0">
  <testcase classname="EncodingAndDecoding.Base64EncodeAndDecode" name="EncodeApiTest" time="1.881"/>
</testsuite> <!-- EncodingAndDecoding.Base64EncodeAndDecode -->
