<?xml version="1.0" encoding="UTF-8"?>
<!-- Generated by org.testng.reporters.JUnitReportReporter -->
<testsuite hostname="DESKTOP-6P64TEG" failures="0" tests="1" name="RequestChaining.AddEmployeeToProject" time="3.096" errors="0" timestamp="2024-11-26T15:04:37 IST" skipped="0">
  <testcase classname="RequestChaining.AddEmployeeToProject" name="createProject" time="3.096"/>
</testsuite> <!-- RequestChaining.AddEmployeeToProject -->
