<?xml version="1.0" encoding="UTF-8"?>
<!-- Generated by org.testng.reporters.JUnitReportReporter -->
<testsuite hostname="DESKTOP-6P64TEG" failures="0" tests="1" name="com.backend.withBDD.SampleCRUDWithBDDTest" time="2.125" errors="0" timestamp="2024-12-03T15:49:19 IST" skipped="0">
  <testcase classname="com.backend.withBDD.SampleCRUDWithBDDTest" name="createDataTest" time="2.125"/>
</testsuite> <!-- com.backend.withBDD.SampleCRUDWithBDDTest -->
