<?xml version="1.0" encoding="UTF-8"?>
<!-- Generated by org.testng.reporters.JUnitReportReporter -->
<testsuite hostname="DESKTOP-6P64TEG" failures="0" tests="1" name="Authentication.BasicAuthentication" time="2.071" errors="0" timestamp="2024-12-01T18:31:12 IST" skipped="0">
  <testcase classname="Authentication.BasicAuthentication" name="basicAuthTest" time="2.071"/>
</testsuite> <!-- Authentication.BasicAuthentication -->
