<?xml version="1.0" encoding="UTF-8"?>
<!-- Generated by org.testng.reporters.JUnitReportReporter -->
<testsuite hostname="DESKTOP-6P64TEG" failures="0" tests="1" name="Authentication.BearerTokenAuth" time="3.342" errors="0" timestamp="2024-11-20T14:55:00 IST" skipped="0">
  <testcase classname="Authentication.BearerTokenAuth" name="basicAuthTest" time="3.342"/>
</testsuite> <!-- Authentication.BearerTokenAuth -->
