<?xml version="1.0" encoding="UTF-8"?>
<!-- Generated by org.testng.reporters.JUnitReportReporter -->
<testsuite hostname="DESKTOP-6P64TEG" failures="0" tests="1" name="EncodingAndDecoding.AESEncryptionAndDecryptionStandard" time="0.014" errors="0" timestamp="2024-11-21T11:05:26 IST" skipped="0">
  <testcase classname="EncodingAndDecoding.AESEncryptionAndDecryptionStandard" name="AdvancedEncrptionStandardTest" time="0.014"/>
</testsuite> <!-- EncodingAndDecoding.AESEncryptionAndDecryptionStandard -->
