<?xml version="1.0" encoding="UTF-8"?>
<!-- Generated by org.testng.reporters.JUnitReportReporter -->
<testsuite hostname="DESKTOP-6P64TEG" failures="0" tests="1" name="typesOfParameter.ParamParameter" time="2.307" errors="0" timestamp="2024-11-20T11:15:59 IST" skipped="0">
  <testcase classname="typesOfParameter.ParamParameter" name="samplePathParameter" time="2.307"/>
</testsuite> <!-- typesOfParameter.ParamParameter -->
