<?xml version="1.0" encoding="UTF-8"?>
<!-- Generated by org.testng.reporters.JUnitReportReporter -->
<testsuite hostname="DESKTOP-6P64TEG" failures="0" tests="1" name="Authentication.Oauth2Auth" time="2.592" errors="0" timestamp="2024-11-20T15:37:01 IST" skipped="0">
  <testcase classname="Authentication.Oauth2Auth" name="Oauth2Test" time="2.592"/>
</testsuite> <!-- Authentication.Oauth2Auth -->
