<?xml version="1.0" encoding="UTF-8"?>
<!-- Generated by org.testng.reporters.JUnitReportReporter -->
<testsuite hostname="DESKTOP-6P64TEG" failures="0" tests="1" name="httpBin.BasicAuth" time="5.183" errors="0" timestamp="2024-12-04T16:59:18 IST" skipped="0">
  <testcase classname="httpBin.BasicAuth" name="DigestWithoutStaleTest" time="5.183"/>
</testsuite> <!-- httpBin.BasicAuth -->
