<?xml version="1.0" encoding="UTF-8"?>
<!-- Generated by org.testng.reporters.JUnitReportReporter -->
<testsuite hostname="DESKTOP-6P64TEG" failures="0" tests="1" name="EncodingAndDecoding.UpdatePayrollInfoViaAESEncryption" time="1.785" errors="0" timestamp="2024-11-21T14:42:42 IST" skipped="0">
  <testcase classname="EncodingAndDecoding.UpdatePayrollInfoViaAESEncryption" name="updatePayrollTest" time="1.785"/>
</testsuite> <!-- EncodingAndDecoding.UpdatePayrollInfoViaAESEncryption -->
