<?xml version="1.0" encoding="UTF-8"?>
<!-- Generated by org.testng.reporters.JUnitReportReporter -->
<testsuite hostname="DESKTOP-6P64TEG" failures="0" tests="1" name="Mock.SampleTest" time="4.240" errors="0" timestamp="2024-12-02T14:23:53 IST" skipped="0">
  <testcase classname="Mock.SampleTest" name="loginWithvalidDetails" time="4.240"/>
</testsuite> <!-- Mock.SampleTest -->
