<?xml version="1.0" encoding="UTF-8"?>
<!-- Generated by org.testng.reporters.JUnitReportReporter -->
<testsuite hostname="DESKTOP-6P64TEG" failures="0" tests="1" name="Restful_Booker_Sample.DataTypesConversion" time="0.014" errors="0" timestamp="2024-11-29T17:44:54 IST" skipped="0">
  <testcase classname="Restful_Booker_Sample.DataTypesConversion" name="StringToPrimitive" time="0.014"/>
</testsuite> <!-- Restful_Booker_Sample.DataTypesConversion -->
