<?xml version="1.0" encoding="UTF-8"?>
<!-- Generated by org.testng.reporters.JUnitReportReporter -->
<testsuite hostname="DESKTOP-6P64TEG" failures="0" tests="1" name="com.backend.withoutBDD.SampleCRUDWithoutBDDTest" time="1.621" errors="0" timestamp="2024-12-26T16:06:07 IST" skipped="0">
  <testcase classname="com.backend.withoutBDD.SampleCRUDWithoutBDDTest" name="readDataFromServer" time="1.621"/>
</testsuite> <!-- com.backend.withoutBDD.SampleCRUDWithoutBDDTest -->
