<?xml version="1.0" encoding="UTF-8"?>
<!-- Generated by org.testng.reporters.JUnitReportReporter -->
<testsuite hostname="DESKTOP-6P64TEG" failures="0" tests="1" name="com.backend.withoutBDD.SampleReadTest" time="2.724" errors="0" timestamp="2024-11-14T17:26:27 IST" skipped="0">
  <testcase classname="com.backend.withoutBDD.SampleReadTest" name="readDataFromServer" time="2.724"/>
</testsuite> <!-- com.backend.withoutBDD.SampleReadTest -->
