<?xml version="1.0" encoding="UTF-8"?>
<!-- Generated by org.testng.reporters.JUnitReportReporter -->
<testsuite hostname="DESKTOP-6P64TEG" failures="0" tests="1" name="Assertions.HeaderValidation" time="1.777" errors="0" timestamp="2024-11-18T12:14:42 IST" skipped="0">
  <testcase classname="Assertions.HeaderValidation" name="headerValidation" time="1.777"/>
</testsuite> <!-- Assertions.HeaderValidation -->
