<?xml version="1.0" encoding="UTF-8"?>
<!-- Generated by org.testng.reporters.JUnitReportReporter -->
<testsuite hostname="DESKTOP-6P64TEG" failures="0" tests="1" name="PostRequest.UsingJSONFile" time="1.898" errors="0" timestamp="2024-11-18T10:34:44 IST" skipped="0">
  <testcase classname="PostRequest.UsingJSONFile" name="createPostViaJSONFile" time="1.898"/>
</testsuite> <!-- PostRequest.UsingJSONFile -->
