<?xml version="1.0" encoding="UTF-8"?>
<!-- Generated by org.testng.reporters.JUnitReportReporter -->
<testsuite hostname="DESKTOP-6P64TEG" failures="0" tests="1" name="EncodingAndDecoding.AESEncryptTest" time="0.043" errors="0" timestamp="2024-11-21T12:05:23 IST" skipped="0">
  <testcase classname="EncodingAndDecoding.AESEncryptTest" name="AESEncryptTest" time="0.043"/>
</testsuite> <!-- EncodingAndDecoding.AESEncryptTest -->
