<?xml version="1.0" encoding="UTF-8"?>
<!-- Generated by org.testng.reporters.JUnitReportReporter -->
<testsuite hostname="DESKTOP-6P64TEG" failures="0" tests="1" name="AirportGap.AirportGapTest" time="3.923" errors="0" timestamp="2024-12-26T16:05:51 IST" skipped="0">
  <testcase classname="AirportGap.AirportGapTest" name="getAllAirportsTest" time="3.923"/>
</testsuite> <!-- AirportGap.AirportGapTest -->
