<?xml version="1.0" encoding="UTF-8"?>
<!-- Generated by org.testng.reporters.JUnitReportReporter -->
<testsuite hostname="DESKTOP-6P64TEG" failures="0" tests="1" name="com.backend.withBDD.SampleReadTest" time="2.925" errors="0" timestamp="2024-11-14T18:03:04 IST" skipped="0">
  <testcase classname="com.backend.withBDD.SampleReadTest" name="partialDataTest" time="2.925"/>
</testsuite> <!-- com.backend.withBDD.SampleReadTest -->
