<?xml version="1.0" encoding="UTF-8"?>
<!-- Generated by org.testng.reporters.JUnitReportReporter -->
<testsuite hostname="DESKTOP-6P64TEG" failures="0" tests="1" name="pac.SampleTest" time="2.804" errors="0" timestamp="2024-11-13T16:12:46 IST" skipped="0">
  <testcase classname="pac.SampleTest" name="sampleRestAssureTest" time="2.804"/>
</testsuite> <!-- pac.SampleTest -->
