<?xml version="1.0" encoding="UTF-8"?>
<!-- Generated by org.testng.reporters.JUnitReportReporter -->
<testsuite hostname="DESKTOP-6P64TEG" failures="0" tests="1" name="PostRequest.UsingPOJOClass" time="3.032" errors="0" timestamp="2024-11-19T15:24:28 IST" skipped="0">
  <testcase classname="PostRequest.UsingPOJOClass" name="postRequestUsingPOJOClass" time="3.032"/>
</testsuite> <!-- PostRequest.UsingPOJOClass -->
