<?xml version="1.0" encoding="UTF-8"?>
<!-- Generated by org.testng.reporters.JUnitReportReporter -->
<testsuite hostname="DESKTOP-6P64TEG" failures="0" tests="1" name="RequestChaining.GetPayrollInfo" time="3.209" errors="0" timestamp="2024-11-19T12:03:32 IST" skipped="0">
  <testcase classname="RequestChaining.GetPayrollInfo" name="getPayrollTest" time="3.209"/>
</testsuite> <!-- RequestChaining.GetPayrollInfo -->
