<?xml version="1.0" encoding="UTF-8"?>
<!-- Generated by org.testng.reporters.JUnitReportReporter -->
<testsuite hostname="DESKTOP-6P64TEG" failures="0" tests="1" name="Restful_Booker_Sample.GetBookingIds" time="4.019" errors="0" timestamp="2024-11-29T10:01:20 IST" skipped="0">
  <testcase classname="Restful_Booker_Sample.GetBookingIds" name="getBookingIds" time="4.019"/>
</testsuite> <!-- Restful_Booker_Sample.GetBookingIds -->
