<?xml version="1.0" encoding="UTF-8"?>
<!-- Generated by org.testng.reporters.JUnitReportReporter -->
<testsuite hostname="DESKTOP-6P64TEG" failures="0" tests="1" name="PostRequest.UsingJSONObject" time="2.420" errors="0" timestamp="2024-11-18T17:58:00 IST" skipped="0">
  <testcase classname="PostRequest.UsingJSONObject" name="createPostUsingJSONObj" time="2.420"/>
</testsuite> <!-- PostRequest.UsingJSONObject -->
