<?xml version="1.0" encoding="UTF-8"?>
<!-- Generated by org.testng.reporters.JUnitReportReporter -->
<testsuite hostname="DESKTOP-6P64TEG" failures="0" tests="1" name="Restful_Booker_Sample.CreateBooking" time="3.608" errors="0" timestamp="2024-11-29T10:04:38 IST" skipped="0">
  <testcase classname="Restful_Booker_Sample.CreateBooking" name="getparticularBookingIds" time="3.608"/>
</testsuite> <!-- Restful_Booker_Sample.CreateBooking -->
