<?xml version="1.0" encoding="UTF-8"?>
<!-- Generated by org.testng.reporters.JUnitReportReporter -->
<testsuite hostname="DESKTOP-6P64TEG" failures="0" tests="1" name="PostRequest.CreateProjectInApi" time="10.358" errors="0" timestamp="2024-12-02T12:00:11 IST" skipped="0">
  <testcase classname="PostRequest.CreateProjectInApi" name="CreateProjectInApi" time="10.358"/>
</testsuite> <!-- PostRequest.CreateProjectInApi -->
