<?xml version="1.0" encoding="UTF-8"?>
<!-- Generated by org.testng.reporters.JUnitReportReporter -->
<testsuite hostname="DESKTOP-6P64TEG" failures="0" tests="1" name="practice.MethodChainingTest2" time="0.013" errors="0" timestamp="2024-11-13T17:38:17 IST" skipped="0">
  <testcase classname="practice.MethodChainingTest2" name="sampleTest" time="0.013"/>
</testsuite> <!-- practice.MethodChainingTest2 -->
