<?xml version="1.0" encoding="UTF-8"?>
<!-- Generated by org.testng.reporters.JUnitReportReporter -->
<testsuite hostname="DESKTOP-6P64TEG" failures="0" tests="1" name="Restful_Booker_Sample.GetBooking" time="3.519" errors="0" timestamp="2024-11-29T10:01:30 IST" skipped="0">
  <testcase classname="Restful_Booker_Sample.GetBooking" name="getparticularBookingIds" time="3.519"/>
</testsuite> <!-- Restful_Booker_Sample.GetBooking -->
