<?xml version="1.0" encoding="UTF-8"?>
<!-- Generated by org.testng.reporters.JUnitReportReporter -->
<testsuite hostname="DESKTOP-6P64TEG" failures="0" tests="1" name="NewApplicationAssignment.GetBooking" time="4.393" errors="0" timestamp="2024-11-22T18:23:54 IST" skipped="0">
  <testcase classname="NewApplicationAssignment.GetBooking" name="getparticularBookingIds" time="4.393"/>
</testsuite> <!-- NewApplicationAssignment.GetBooking -->
