<?xml version="1.0" encoding="UTF-8"?>
<!-- Generated by org.testng.reporters.JUnitReportReporter -->
<testsuite hostname="DESKTOP-6P64TEG" failures="0" tests="1" name="My_Practice.ShopperStack" time="3.922" errors="0" timestamp="2024-11-19T18:00:43 IST" skipped="0">
  <testcase classname="My_Practice.ShopperStack" name="loginAsShopper" time="3.922"/>
</testsuite> <!-- My_Practice.ShopperStack -->
