<?xml version="1.0" encoding="UTF-8"?>
<!-- Generated by org.testng.reporters.JUnitReportReporter -->
<testsuite hostname="DESKTOP-6P64TEG" failures="0" tests="1" name="NewApplicationAssignment.CreateToken" time="5.351" errors="0" timestamp="2024-11-23T15:10:07 IST" skipped="0">
  <testcase classname="NewApplicationAssignment.CreateToken" name="creatingNewToken" time="5.351"/>
</testsuite> <!-- NewApplicationAssignment.CreateToken -->
