<?xml version="1.0" encoding="UTF-8"?>
<!-- Generated by org.testng.reporters.JUnitReportReporter -->
<testsuite hostname="DESKTOP-6P64TEG" failures="0" tests="1" name="Authentication.PreEmptiveAuth" time="1.859" errors="0" timestamp="2024-12-01T18:32:48 IST" skipped="0">
  <testcase classname="Authentication.PreEmptiveAuth" name="basicAuthTest" time="1.859"/>
</testsuite> <!-- Authentication.PreEmptiveAuth -->
