<?xml version="1.0" encoding="UTF-8"?>
<!-- Generated by org.testng.reporters.JUnitReportReporter -->
<testsuite hostname="DESKTOP-6P64TEG" failures="0" tests="1" name="ShopperStack.ShopperStackAllInOneTest" time="18.100" errors="0" timestamp="2024-12-05T15:24:30 IST" skipped="0">
  <testcase classname="ShopperStack.ShopperStackAllInOneTest" name="orderProductAndGiveReview" time="18.100"/>
</testsuite> <!-- ShopperStack.ShopperStackAllInOneTest -->
