<?xml version="1.0" encoding="UTF-8"?>
<!-- Generated by org.testng.reporters.JUnitReportReporter -->
<testsuite hostname="DESKTOP-6P64TEG" failures="0" tests="1" name="typesOfParameter.FormParameter" time="1.980" errors="0" timestamp="2025-01-03T09:54:55 IST" skipped="0">
  <testcase classname="typesOfParameter.FormParameter" name="samplePathParameter" time="1.980"/>
</testsuite> <!-- typesOfParameter.FormParameter -->
