<?xml version="1.0" encoding="UTF-8"?>
<!-- Generated by org.testng.reporters.JUnitReportReporter -->
<testsuite hostname="DESKTOP-6P64TEG" failures="0" tests="1" name="typesOfParameter.QueryParameter" time="1.769" errors="0" timestamp="2024-11-20T10:36:39 IST" skipped="0">
  <testcase classname="typesOfParameter.QueryParameter" name="samplePathParameter" time="1.769"/>
</testsuite> <!-- typesOfParameter.QueryParameter -->
