<?xml version="1.0" encoding="UTF-8"?>
<!-- Generated by org.testng.reporters.JUnitReportReporter -->
<testsuite hostname="DESKTOP-6P64TEG" failures="0" tests="1" name="NewApplicationAssignment.GetBookingIds" time="4.927" errors="0" timestamp="2024-11-22T18:21:42 IST" skipped="0">
  <testcase classname="NewApplicationAssignment.GetBookingIds" name="getBookingIds" time="4.927"/>
</testsuite> <!-- NewApplicationAssignment.GetBookingIds -->
