<?xml version="1.0" encoding="UTF-8"?>
<!-- Generated by org.testng.reporters.JUnitReportReporter -->
<testsuite hostname="DESKTOP-6P64TEG" failures="0" tests="1" name="Assertions.VerifyComplexJSONPath" time="2.113" errors="0" timestamp="2025-01-17T12:37:05 IST" skipped="0">
  <testcase classname="Assertions.VerifyComplexJSONPath" name="verifyComplexJSONPath" time="2.113"/>
</testsuite> <!-- Assertions.VerifyComplexJSONPath -->
