<?xml version="1.0" encoding="UTF-8"?>
<!-- Generated by org.testng.reporters.JUnitReportReporter -->
<testsuite hostname="DESKTOP-6P64TEG" failures="0" tests="1" name="Mock.GetAllProductsList" time="3.848" errors="0" timestamp="2024-12-02T12:27:50 IST" skipped="0">
  <testcase classname="Mock.GetAllProductsList" name="postToSearchProduct" time="3.848"/>
</testsuite> <!-- Mock.GetAllProductsList -->
