<?xml version="1.0" encoding="UTF-8"?>
<!-- Generated by org.testng.reporters.JUnitReportReporter -->
<testsuite hostname="DESKTOP-6P64TEG" failures="0" tests="1" name="RequestChaining.DeleteProject" time="3.869" errors="0" timestamp="2024-11-19T10:43:48 IST" skipped="0">
  <testcase classname="RequestChaining.DeleteProject" name="deleteProject" time="3.869"/>
</testsuite> <!-- RequestChaining.DeleteProject -->
