<?xml version="1.0" encoding="UTF-8"?>
<!-- Generated by org.testng.reporters.JUnitReportReporter -->
<testsuite hostname="DESKTOP-6P64TEG" failures="0" tests="1" name="Authentication.DigestiveAuth" time="1.922" errors="0" timestamp="2024-12-01T18:30:02 IST" skipped="0">
  <testcase classname="Authentication.DigestiveAuth" name="basicAuthTest" time="1.922"/>
</testsuite> <!-- Authentication.DigestiveAuth -->
