<?xml version="1.0" encoding="UTF-8"?>
<!-- Generated by org.testng.reporters.JUnitReportReporter -->
<testsuite hostname="DESKTOP-6P64TEG" failures="0" tests="1" name="Assertions.ResponseTimeValidation" time="1.581" errors="0" timestamp="2024-11-18T12:28:43 IST" skipped="0">
  <testcase classname="Assertions.ResponseTimeValidation" name="responseTimeValidation" time="1.581"/>
</testsuite> <!-- Assertions.ResponseTimeValidation -->
