<?xml version="1.0" encoding="UTF-8"?>
<!-- Generated by org.testng.reporters.JUnitReportReporter -->
<testsuite hostname="DESKTOP-6P64TEG" failures="0" tests="1" name="Assertions.JSONSchemaValidation" time="2.565" errors="0" timestamp="2024-11-18T18:20:22 IST" skipped="0">
  <testcase classname="Assertions.JSONSchemaValidation" name="jsonSchemaValidation" time="2.565"/>
</testsuite> <!-- Assertions.JSONSchemaValidation -->
