<?xml version="1.0" encoding="UTF-8"?>
<!-- Generated by org.testng.reporters.JUnitReportReporter -->
<testsuite hostname="DESKTOP-6P64TEG" failures="0" tests="1" name="Assertions.AutomationExe" time="4.341" errors="0" timestamp="2024-12-02T14:13:34 IST" skipped="0">
  <testcase classname="Assertions.AutomationExe" name="loginWithvalidDetails" time="4.341"/>
</testsuite> <!-- Assertions.AutomationExe -->
