<?xml version="1.0" encoding="UTF-8"?>
<!-- Generated by org.testng.reporters.JUnitReportReporter -->
<testsuite hostname="DESKTOP-6P64TEG" failures="0" tests="1" name="practice.GraphqlSampleTest" time="1.630" errors="0" timestamp="2024-11-21T12:06:24 IST" skipped="0">
  <testcase classname="practice.GraphqlSampleTest" name="updateProject" time="1.630"/>
</testsuite> <!-- practice.GraphqlSampleTest -->
