<?xml version="1.0" encoding="UTF-8"?>
<!-- Generated by org.testng.reporters.JUnitReportReporter -->
<testsuite hostname="DESKTOP-6P64TEG" failures="0" tests="10" name="DataDrivenTestin.AddMultipleProjectTest" time="4.093" errors="0" timestamp="2024-11-22T11:14:00 IST" skipped="0">
  <testcase classname="DataDrivenTestin.AddMultipleProjectTest" name="sampleDataDrivenTesting" time="0.109"/>
  <testcase classname="DataDrivenTestin.AddMultipleProjectTest" name="sampleDataDrivenTesting" time="2.841"/>
  <testcase classname="DataDrivenTestin.AddMultipleProjectTest" name="sampleDataDrivenTesting" time="0.128"/>
  <testcase classname="DataDrivenTestin.AddMultipleProjectTest" name="sampleDataDrivenTesting" time="0.133"/>
  <testcase classname="DataDrivenTestin.AddMultipleProjectTest" name="sampleDataDrivenTesting" time="0.109"/>
  <testcase classname="DataDrivenTestin.AddMultipleProjectTest" name="sampleDataDrivenTesting" time="0.175"/>
  <testcase classname="DataDrivenTestin.AddMultipleProjectTest" name="sampleDataDrivenTesting" time="0.131"/>
  <testcase classname="DataDrivenTestin.AddMultipleProjectTest" name="sampleDataDrivenTesting" time="0.204"/>
  <testcase classname="DataDrivenTestin.AddMultipleProjectTest" name="sampleDataDrivenTesting" time="0.110"/>
  <testcase classname="DataDrivenTestin.AddMultipleProjectTest" name="sampleDataDrivenTesting" time="0.153"/>
</testsuite> <!-- DataDrivenTestin.AddMultipleProjectTest -->
